<?xml version="1.0" encoding="UTF-8"?>
<!-- Generated by org.testng.reporters.JUnitReportReporter -->
<testsuite hostname="Lenovo" failures="0" tests="1" name="HomepageTestPOM" time="23.253" errors="0" timestamp="02 Feb 2023 17:20:45 GMT" skipped="0">
  <testcase classname="HomepageTestPOM" name="mouseHoveronNavigationMenu" time="23.253"/>
</testsuite> <!-- HomepageTestPOM -->
