<?xml version="1.0" encoding="UTF-8"?>
<!-- Generated by org.testng.reporters.JUnitReportReporter -->
<testsuite hostname="Lenovo" failures="0" tests="1" name="com.testrunner.RunnerTest" time="19.403" errors="0" timestamp="14 Feb 2023 08:49:33 GMT" skipped="0">
  <testcase classname="com.testrunner.RunnerTest" name="runScenario" time="19.403"/>
</testsuite> <!-- com.testrunner.RunnerTest -->
