<?xml version="1.0" encoding="UTF-8"?>
<!-- Generated by org.testng.reporters.JUnitReportReporter -->
<testsuite hostname="Lenovo" failures="0" tests="1" name="HomePageTests" time="24.870" errors="0" timestamp="02 Feb 2023 17:59:57 GMT" skipped="0">
  <testcase classname="HomePageTests" name="verifymenuBeforeGiftsMenuUsingPOM" time="24.870"/>
</testsuite> <!-- HomePageTests -->
