<?xml version="1.0" encoding="UTF-8"?>
<!-- Generated by org.testng.reporters.JUnitReportReporter -->
<testsuite hostname="Lenovo" failures="0" tests="1" name="com.testrunner.RunnerTest" time="20.357" errors="0" timestamp="15 Feb 2023 11:44:58 GMT" skipped="0">
  <testcase classname="com.testrunner.RunnerTest" name="runScenario" time="20.357"/>
</testsuite> <!-- com.testrunner.RunnerTest -->
